[debug] [2018-07-17T17:27:25.429Z] ----------------------------------------------------------------------
[debug] [2018-07-17T17:27:25.431Z] Command:       /usr/local/bin/node /usr/local/bin/firebase serve
[debug] [2018-07-17T17:27:25.431Z] CLI Version:   3.19.3
[debug] [2018-07-17T17:27:25.431Z] Platform:      darwin
[debug] [2018-07-17T17:27:25.431Z] Node Version:  v8.11.3
[debug] [2018-07-17T17:27:25.432Z] Time:          Tue Jul 17 2018 12:27:25 GMT-0500 (CDT)
[debug] [2018-07-17T17:27:25.432Z] ----------------------------------------------------------------------
[debug] 
[debug] [2018-07-17T17:27:25.445Z] > command requires scopes: ["email","openid","https://www.googleapis.com/auth/cloudplatformprojects.readonly","https://www.googleapis.com/auth/firebase","https://www.googleapis.com/auth/cloud-platform"]
[debug] [2018-07-17T17:27:25.446Z] > authorizing via signed-in user
[debug] [2018-07-17T17:27:25.448Z] >>> HTTP REQUEST GET https://admin.firebase.com/v1/projects/firemomo-bd063  
  
 Tue Jul 17 2018 12:27:25 GMT-0500 (CDT)
[debug] [2018-07-17T17:27:25.786Z] <<< HTTP RESPONSE 200
[debug] [2018-07-17T17:27:25.787Z] >>> HTTP REQUEST GET https://admin.firebase.com/v1/database/firemomo-bd063/tokens  
  
 Tue Jul 17 2018 12:27:25 GMT-0500 (CDT)
[debug] [2018-07-17T17:27:26.298Z] <<< HTTP RESPONSE 200
[debug] [2018-07-17T17:27:26.299Z] >>> HTTP REQUEST GET https://cloudresourcemanager.googleapis.com/v1/projects/firemomo-bd063  
  
 Tue Jul 17 2018 12:27:26 GMT-0500 (CDT)
[debug] [2018-07-17T17:27:26.698Z] <<< HTTP RESPONSE 200
[info] 
[info] === Serving from '/Users/hectormanuel/Documents/code/fire-momo/web'...
[info] 
[debug] [2018-07-17T17:27:26.700Z] >>> HTTP REQUEST GET https://mobilesdk-pa.googleapis.com/v1/projects/483311387463/clients/_:getWebAppConfig  
  
 Tue Jul 17 2018 12:27:26 GMT-0500 (CDT)
[debug] [2018-07-17T17:27:26.998Z] <<< HTTP RESPONSE 200
[info] i  hosting: Serving hosting files from: public
[info] ✔  hosting: Local server: http://localhost:5000

